<?xml version="1.1" encoding="UTF-8"?>
<testsuite name="org.spockworkshop.basic.HelloSpock" tests="1" failures="1" errors="0" timestamp="2013-12-23T17:22:42" hostname="allegro" time="0.138">
  <properties/>
  <testcase name="hello spock" classname="org.spockworkshop.basic.HelloSpock" time="0.138">
    <failure message="Condition not satisfied:&#10;&#10;&quot;This is the Sparta&quot;.contains(&quot;Spardddta&quot;)&#10;                     |&#10;                     false&#10;" type="org.gradle.messaging.remote.internal.PlaceholderException">Condition not satisfied:

&quot;This is the Sparta&quot;.contains(&quot;Spardddta&quot;)
                     |
                     false

	at org.spockworkshop.basic.HelloSpock.hello spock(HelloSpock.groovy:9)
</failure>
  </testcase>
  <system-out><![CDATA[]]></system-out>
  <system-err><![CDATA[]]></system-err>
</testsuite>
