<?xml version="1.1" encoding="UTF-8"?>
<testsuite name="org.spockworkshop.groovy.Groovy_03" tests="7" failures="0" errors="0" timestamp="2013-12-30T10:30:06" hostname="allegro" time="0.161">
  <properties/>
  <testcase name="test01_list" classname="org.spockworkshop.groovy.Groovy_03" time="0.036"/>
  <testcase name="test04_maps" classname="org.spockworkshop.groovy.Groovy_03" time="0.009"/>
  <testcase name="test05_closures" classname="org.spockworkshop.groovy.Groovy_03" time="0.01"/>
  <testcase name="test06_closures" classname="org.spockworkshop.groovy.Groovy_03" time="0.016"/>
  <testcase name="test07_closures" classname="org.spockworkshop.groovy.Groovy_03" time="0.007"/>
  <testcase name="test02_array" classname="org.spockworkshop.groovy.Groovy_03" time="0.07"/>
  <testcase name="test03_range" classname="org.spockworkshop.groovy.Groovy_03" time="0.012"/>
  <system-out><![CDATA[]]></system-out>
  <system-err><![CDATA[]]></system-err>
</testsuite>
