<?xml version="1.1" encoding="UTF-8"?>
<testsuite name="org.spockworkshop.groovy.Groovy_03" tests="7" failures="0" errors="0" timestamp="2013-12-23T22:07:12" hostname="allegro" time="0.13">
  <properties/>
  <testcase name="test04_maps" classname="org.spockworkshop.groovy.Groovy_03" time="0.01"/>
  <testcase name="test05_closures" classname="org.spockworkshop.groovy.Groovy_03" time="0.005"/>
  <testcase name="test01_list" classname="org.spockworkshop.groovy.Groovy_03" time="0.005"/>
  <testcase name="test06_closures" classname="org.spockworkshop.groovy.Groovy_03" time="0.014"/>
  <testcase name="test07_closures" classname="org.spockworkshop.groovy.Groovy_03" time="0.008"/>
  <testcase name="test02_array" classname="org.spockworkshop.groovy.Groovy_03" time="0.058"/>
  <testcase name="test03_range" classname="org.spockworkshop.groovy.Groovy_03" time="0.023"/>
  <system-out><![CDATA[]]></system-out>
  <system-err><![CDATA[]]></system-err>
</testsuite>
